C:\USERS\GUILEON\DOCUMENTS\OPENNI2_BACKUP\SAMPLES\SIMPLEVIEWER_\DEBUG\MAIN.OBJ
C:\USERS\GUILEON\DOCUMENTS\OPENNI2_BACKUP\SAMPLES\SIMPLEVIEWER_\DEBUG\SCREEN.OBJ
C:\USERS\GUILEON\DOCUMENTS\OPENNI2_BACKUP\SAMPLES\SIMPLEVIEWER_\DEBUG\COLORSCREEN.OBJ
C:\USERS\GUILEON\DOCUMENTS\OPENNI2_BACKUP\SAMPLES\SIMPLEVIEWER_\DEBUG\MAINT.OBJ
C:\USERS\GUILEON\DOCUMENTS\OPENNI2_BACKUP\SAMPLES\SIMPLEVIEWER_\DEBUG\VIEWER.OBJ
C:\USERS\GUILEON\DOCUMENTS\OPENNI2_BACKUP\SAMPLES\SIMPLEVIEWER_\DEBUG\VC100.PDB
C:\USERS\GUILEON\DOCUMENTS\OPENNI2_BACKUP\SAMPLES\SIMPLEVIEWER_\DEBUG\SIMPLEVIEWER.ILK
C:\USERS\GUILEON\DOCUMENTS\OPENNI2_BACKUP\SAMPLES\SIMPLEVIEWER_\DEBUG\SIMPLEVIEWER.EXE
C:\USERS\GUILEON\DOCUMENTS\OPENNI2_BACKUP\SAMPLES\SIMPLEVIEWER_\DEBUG\SIMPLEVIEWER.EXE.INTERMEDIATE.MANIFEST
C:\USERS\GUILEON\DOCUMENTS\OPENNI2_BACKUP\SAMPLES\SIMPLEVIEWER_\DEBUG\SIMPLEVIEWER.PDB
C:\Users\guileon\Documents\OpenNI2_backup\Samples\SimpleViewer_\Debug\ColorScreen.obj
C:\Users\guileon\Documents\OpenNI2_backup\Samples\SimpleViewer_\Debug\main.obj
C:\Users\guileon\Documents\OpenNI2_backup\Samples\SimpleViewer_\Debug\mainT.obj
C:\Users\guileon\Documents\OpenNI2_backup\Samples\SimpleViewer_\Debug\mainTT.obj
C:\Users\guileon\Documents\OpenNI2_backup\Samples\SimpleViewer_\Debug\Screen.obj
C:\Users\guileon\Documents\OpenNI2_backup\Samples\SimpleViewer_\Debug\Viewer.obj
C:\Users\guileon\Documents\OpenNI2_backup\Samples\SimpleViewer_\Debug\SimpleViewer.ilk
C:\Users\guileon\Documents\OpenNI2_backup\Samples\SimpleViewer_\Debug\CL.10128.read.1.tlog
C:\Users\guileon\Documents\OpenNI2_backup\Samples\SimpleViewer_\Debug\CL.10128.write.1.tlog
C:\Users\guileon\Documents\OpenNI2_backup\Samples\SimpleViewer_\Debug\CL.10132.read.1.tlog
C:\Users\guileon\Documents\OpenNI2_backup\Samples\SimpleViewer_\Debug\CL.10132.write.1.tlog
C:\Users\guileon\Documents\OpenNI2_backup\Samples\SimpleViewer_\Debug\CL.10304.read.1.tlog
C:\Users\guileon\Documents\OpenNI2_backup\Samples\SimpleViewer_\Debug\CL.10304.write.1.tlog
C:\Users\guileon\Documents\OpenNI2_backup\Samples\SimpleViewer_\Debug\CL.10372.read.1.tlog
C:\Users\guileon\Documents\OpenNI2_backup\Samples\SimpleViewer_\Debug\CL.10372.write.1.tlog
C:\Users\guileon\Documents\OpenNI2_backup\Samples\SimpleViewer_\Debug\CL.10436.read.1.tlog
C:\Users\guileon\Documents\OpenNI2_backup\Samples\SimpleViewer_\Debug\CL.10436.write.1.tlog
C:\Users\guileon\Documents\OpenNI2_backup\Samples\SimpleViewer_\Debug\CL.10548.read.1.tlog
C:\Users\guileon\Documents\OpenNI2_backup\Samples\SimpleViewer_\Debug\CL.10548.write.1.tlog
C:\Users\guileon\Documents\OpenNI2_backup\Samples\SimpleViewer_\Debug\CL.1056.read.1.tlog
C:\Users\guileon\Documents\OpenNI2_backup\Samples\SimpleViewer_\Debug\CL.1056.write.1.tlog
C:\Users\guileon\Documents\OpenNI2_backup\Samples\SimpleViewer_\Debug\CL.10572.read.1.tlog
C:\Users\guileon\Documents\OpenNI2_backup\Samples\SimpleViewer_\Debug\CL.10572.write.1.tlog
C:\Users\guileon\Documents\OpenNI2_backup\Samples\SimpleViewer_\Debug\CL.10616.read.1.tlog
C:\Users\guileon\Documents\OpenNI2_backup\Samples\SimpleViewer_\Debug\CL.10616.write.1.tlog
C:\Users\guileon\Documents\OpenNI2_backup\Samples\SimpleViewer_\Debug\CL.10636.read.1.tlog
C:\Users\guileon\Documents\OpenNI2_backup\Samples\SimpleViewer_\Debug\CL.10636.write.1.tlog
C:\Users\guileon\Documents\OpenNI2_backup\Samples\SimpleViewer_\Debug\CL.1072.read.1.tlog
C:\Users\guileon\Documents\OpenNI2_backup\Samples\SimpleViewer_\Debug\CL.1072.write.1.tlog
C:\Users\guileon\Documents\OpenNI2_backup\Samples\SimpleViewer_\Debug\CL.10720.read.1.tlog
C:\Users\guileon\Documents\OpenNI2_backup\Samples\SimpleViewer_\Debug\CL.10720.write.1.tlog
C:\Users\guileon\Documents\OpenNI2_backup\Samples\SimpleViewer_\Debug\CL.10812.read.1.tlog
C:\Users\guileon\Documents\OpenNI2_backup\Samples\SimpleViewer_\Debug\CL.10812.write.1.tlog
C:\Users\guileon\Documents\OpenNI2_backup\Samples\SimpleViewer_\Debug\CL.10940.read.1.tlog
C:\Users\guileon\Documents\OpenNI2_backup\Samples\SimpleViewer_\Debug\CL.10940.write.1.tlog
C:\Users\guileon\Documents\OpenNI2_backup\Samples\SimpleViewer_\Debug\CL.10972.read.1.tlog
C:\Users\guileon\Documents\OpenNI2_backup\Samples\SimpleViewer_\Debug\CL.10972.write.1.tlog
C:\Users\guileon\Documents\OpenNI2_backup\Samples\SimpleViewer_\Debug\CL.11040.read.1.tlog
C:\Users\guileon\Documents\OpenNI2_backup\Samples\SimpleViewer_\Debug\CL.11040.write.1.tlog
C:\Users\guileon\Documents\OpenNI2_backup\Samples\SimpleViewer_\Debug\CL.11064.read.1.tlog
C:\Users\guileon\Documents\OpenNI2_backup\Samples\SimpleViewer_\Debug\CL.11064.write.1.tlog
C:\Users\guileon\Documents\OpenNI2_backup\Samples\SimpleViewer_\Debug\CL.11144.read.1.tlog
C:\Users\guileon\Documents\OpenNI2_backup\Samples\SimpleViewer_\Debug\CL.11144.write.1.tlog
C:\Users\guileon\Documents\OpenNI2_backup\Samples\SimpleViewer_\Debug\CL.11176.read.1.tlog
C:\Users\guileon\Documents\OpenNI2_backup\Samples\SimpleViewer_\Debug\CL.11176.write.1.tlog
C:\Users\guileon\Documents\OpenNI2_backup\Samples\SimpleViewer_\Debug\CL.11464.read.1.tlog
C:\Users\guileon\Documents\OpenNI2_backup\Samples\SimpleViewer_\Debug\CL.11464.write.1.tlog
C:\Users\guileon\Documents\OpenNI2_backup\Samples\SimpleViewer_\Debug\CL.13012.read.1.tlog
C:\Users\guileon\Documents\OpenNI2_backup\Samples\SimpleViewer_\Debug\CL.13012.write.1.tlog
C:\Users\guileon\Documents\OpenNI2_backup\Samples\SimpleViewer_\Debug\CL.13568.read.1.tlog
C:\Users\guileon\Documents\OpenNI2_backup\Samples\SimpleViewer_\Debug\CL.13568.write.1.tlog
C:\Users\guileon\Documents\OpenNI2_backup\Samples\SimpleViewer_\Debug\CL.13808.read.1.tlog
C:\Users\guileon\Documents\OpenNI2_backup\Samples\SimpleViewer_\Debug\CL.13808.write.1.tlog
C:\Users\guileon\Documents\OpenNI2_backup\Samples\SimpleViewer_\Debug\CL.15320.read.1.tlog
C:\Users\guileon\Documents\OpenNI2_backup\Samples\SimpleViewer_\Debug\CL.15320.write.1.tlog
C:\Users\guileon\Documents\OpenNI2_backup\Samples\SimpleViewer_\Debug\CL.1780.read.1.tlog
C:\Users\guileon\Documents\OpenNI2_backup\Samples\SimpleViewer_\Debug\CL.1780.write.1.tlog
C:\Users\guileon\Documents\OpenNI2_backup\Samples\SimpleViewer_\Debug\CL.1852.read.1.tlog
C:\Users\guileon\Documents\OpenNI2_backup\Samples\SimpleViewer_\Debug\CL.1852.write.1.tlog
C:\Users\guileon\Documents\OpenNI2_backup\Samples\SimpleViewer_\Debug\CL.1876.read.1.tlog
C:\Users\guileon\Documents\OpenNI2_backup\Samples\SimpleViewer_\Debug\CL.1876.write.1.tlog
C:\Users\guileon\Documents\OpenNI2_backup\Samples\SimpleViewer_\Debug\CL.2148.read.1.tlog
C:\Users\guileon\Documents\OpenNI2_backup\Samples\SimpleViewer_\Debug\CL.2148.write.1.tlog
C:\Users\guileon\Documents\OpenNI2_backup\Samples\SimpleViewer_\Debug\CL.2432.read.1.tlog
C:\Users\guileon\Documents\OpenNI2_backup\Samples\SimpleViewer_\Debug\CL.2432.write.1.tlog
C:\Users\guileon\Documents\OpenNI2_backup\Samples\SimpleViewer_\Debug\CL.2744.read.1.tlog
C:\Users\guileon\Documents\OpenNI2_backup\Samples\SimpleViewer_\Debug\CL.2744.write.1.tlog
C:\Users\guileon\Documents\OpenNI2_backup\Samples\SimpleViewer_\Debug\CL.2872.read.1.tlog
C:\Users\guileon\Documents\OpenNI2_backup\Samples\SimpleViewer_\Debug\CL.2872.write.1.tlog
C:\Users\guileon\Documents\OpenNI2_backup\Samples\SimpleViewer_\Debug\CL.3216.read.1.tlog
C:\Users\guileon\Documents\OpenNI2_backup\Samples\SimpleViewer_\Debug\CL.3216.write.1.tlog
C:\Users\guileon\Documents\OpenNI2_backup\Samples\SimpleViewer_\Debug\CL.3604.read.1.tlog
C:\Users\guileon\Documents\OpenNI2_backup\Samples\SimpleViewer_\Debug\CL.3604.write.1.tlog
C:\Users\guileon\Documents\OpenNI2_backup\Samples\SimpleViewer_\Debug\CL.3856.read.1.tlog
C:\Users\guileon\Documents\OpenNI2_backup\Samples\SimpleViewer_\Debug\CL.3856.write.1.tlog
C:\Users\guileon\Documents\OpenNI2_backup\Samples\SimpleViewer_\Debug\CL.40.read.1.tlog
C:\Users\guileon\Documents\OpenNI2_backup\Samples\SimpleViewer_\Debug\CL.40.write.1.tlog
C:\Users\guileon\Documents\OpenNI2_backup\Samples\SimpleViewer_\Debug\CL.404.read.1.tlog
C:\Users\guileon\Documents\OpenNI2_backup\Samples\SimpleViewer_\Debug\CL.404.write.1.tlog
C:\Users\guileon\Documents\OpenNI2_backup\Samples\SimpleViewer_\Debug\CL.4168.read.1.tlog
C:\Users\guileon\Documents\OpenNI2_backup\Samples\SimpleViewer_\Debug\CL.4168.write.1.tlog
C:\Users\guileon\Documents\OpenNI2_backup\Samples\SimpleViewer_\Debug\CL.4428.read.1.tlog
C:\Users\guileon\Documents\OpenNI2_backup\Samples\SimpleViewer_\Debug\CL.4428.write.1.tlog
C:\Users\guileon\Documents\OpenNI2_backup\Samples\SimpleViewer_\Debug\CL.4748.read.1.tlog
C:\Users\guileon\Documents\OpenNI2_backup\Samples\SimpleViewer_\Debug\CL.4748.write.1.tlog
C:\Users\guileon\Documents\OpenNI2_backup\Samples\SimpleViewer_\Debug\CL.480.read.1.tlog
C:\Users\guileon\Documents\OpenNI2_backup\Samples\SimpleViewer_\Debug\CL.480.write.1.tlog
C:\Users\guileon\Documents\OpenNI2_backup\Samples\SimpleViewer_\Debug\CL.4876.read.1.tlog
C:\Users\guileon\Documents\OpenNI2_backup\Samples\SimpleViewer_\Debug\CL.4876.write.1.tlog
C:\Users\guileon\Documents\OpenNI2_backup\Samples\SimpleViewer_\Debug\CL.4956.read.1.tlog
C:\Users\guileon\Documents\OpenNI2_backup\Samples\SimpleViewer_\Debug\CL.4956.write.1.tlog
C:\Users\guileon\Documents\OpenNI2_backup\Samples\SimpleViewer_\Debug\CL.496.read.1.tlog
C:\Users\guileon\Documents\OpenNI2_backup\Samples\SimpleViewer_\Debug\CL.496.write.1.tlog
C:\Users\guileon\Documents\OpenNI2_backup\Samples\SimpleViewer_\Debug\CL.500.read.1.tlog
C:\Users\guileon\Documents\OpenNI2_backup\Samples\SimpleViewer_\Debug\CL.500.write.1.tlog
C:\Users\guileon\Documents\OpenNI2_backup\Samples\SimpleViewer_\Debug\CL.5132.read.1.tlog
C:\Users\guileon\Documents\OpenNI2_backup\Samples\SimpleViewer_\Debug\CL.5132.write.1.tlog
C:\Users\guileon\Documents\OpenNI2_backup\Samples\SimpleViewer_\Debug\CL.5460.read.1.tlog
C:\Users\guileon\Documents\OpenNI2_backup\Samples\SimpleViewer_\Debug\CL.5460.write.1.tlog
C:\Users\guileon\Documents\OpenNI2_backup\Samples\SimpleViewer_\Debug\CL.5532.read.1.tlog
C:\Users\guileon\Documents\OpenNI2_backup\Samples\SimpleViewer_\Debug\CL.5532.write.1.tlog
C:\Users\guileon\Documents\OpenNI2_backup\Samples\SimpleViewer_\Debug\CL.5588.read.1.tlog
C:\Users\guileon\Documents\OpenNI2_backup\Samples\SimpleViewer_\Debug\CL.5588.write.1.tlog
C:\Users\guileon\Documents\OpenNI2_backup\Samples\SimpleViewer_\Debug\CL.5628.read.1.tlog
C:\Users\guileon\Documents\OpenNI2_backup\Samples\SimpleViewer_\Debug\CL.5628.write.1.tlog
C:\Users\guileon\Documents\OpenNI2_backup\Samples\SimpleViewer_\Debug\CL.5652.read.1.tlog
C:\Users\guileon\Documents\OpenNI2_backup\Samples\SimpleViewer_\Debug\CL.5652.write.1.tlog
C:\Users\guileon\Documents\OpenNI2_backup\Samples\SimpleViewer_\Debug\CL.5756.read.1.tlog
C:\Users\guileon\Documents\OpenNI2_backup\Samples\SimpleViewer_\Debug\CL.5756.write.1.tlog
C:\Users\guileon\Documents\OpenNI2_backup\Samples\SimpleViewer_\Debug\CL.5760.read.1.tlog
C:\Users\guileon\Documents\OpenNI2_backup\Samples\SimpleViewer_\Debug\CL.5760.write.1.tlog
C:\Users\guileon\Documents\OpenNI2_backup\Samples\SimpleViewer_\Debug\CL.5892.read.1.tlog
C:\Users\guileon\Documents\OpenNI2_backup\Samples\SimpleViewer_\Debug\CL.5892.write.1.tlog
C:\Users\guileon\Documents\OpenNI2_backup\Samples\SimpleViewer_\Debug\CL.6104.read.1.tlog
C:\Users\guileon\Documents\OpenNI2_backup\Samples\SimpleViewer_\Debug\CL.6104.write.1.tlog
C:\Users\guileon\Documents\OpenNI2_backup\Samples\SimpleViewer_\Debug\CL.6204.read.1.tlog
C:\Users\guileon\Documents\OpenNI2_backup\Samples\SimpleViewer_\Debug\CL.6204.write.1.tlog
C:\Users\guileon\Documents\OpenNI2_backup\Samples\SimpleViewer_\Debug\CL.6244.read.1.tlog
C:\Users\guileon\Documents\OpenNI2_backup\Samples\SimpleViewer_\Debug\CL.6244.write.1.tlog
C:\Users\guileon\Documents\OpenNI2_backup\Samples\SimpleViewer_\Debug\CL.6380.read.1.tlog
C:\Users\guileon\Documents\OpenNI2_backup\Samples\SimpleViewer_\Debug\CL.6380.write.1.tlog
C:\Users\guileon\Documents\OpenNI2_backup\Samples\SimpleViewer_\Debug\CL.6420.read.1.tlog
C:\Users\guileon\Documents\OpenNI2_backup\Samples\SimpleViewer_\Debug\CL.6420.write.1.tlog
C:\Users\guileon\Documents\OpenNI2_backup\Samples\SimpleViewer_\Debug\CL.6444.read.1.tlog
C:\Users\guileon\Documents\OpenNI2_backup\Samples\SimpleViewer_\Debug\CL.6444.write.1.tlog
C:\Users\guileon\Documents\OpenNI2_backup\Samples\SimpleViewer_\Debug\CL.6668.read.1.tlog
C:\Users\guileon\Documents\OpenNI2_backup\Samples\SimpleViewer_\Debug\CL.6668.write.1.tlog
C:\Users\guileon\Documents\OpenNI2_backup\Samples\SimpleViewer_\Debug\CL.6672.read.1.tlog
C:\Users\guileon\Documents\OpenNI2_backup\Samples\SimpleViewer_\Debug\CL.6672.write.1.tlog
C:\Users\guileon\Documents\OpenNI2_backup\Samples\SimpleViewer_\Debug\CL.6708.read.1.tlog
C:\Users\guileon\Documents\OpenNI2_backup\Samples\SimpleViewer_\Debug\CL.6708.write.1.tlog
C:\Users\guileon\Documents\OpenNI2_backup\Samples\SimpleViewer_\Debug\CL.6836.read.1.tlog
C:\Users\guileon\Documents\OpenNI2_backup\Samples\SimpleViewer_\Debug\CL.6836.write.1.tlog
C:\Users\guileon\Documents\OpenNI2_backup\Samples\SimpleViewer_\Debug\CL.7116.read.1.tlog
C:\Users\guileon\Documents\OpenNI2_backup\Samples\SimpleViewer_\Debug\CL.7116.write.1.tlog
C:\Users\guileon\Documents\OpenNI2_backup\Samples\SimpleViewer_\Debug\CL.7316.read.1.tlog
C:\Users\guileon\Documents\OpenNI2_backup\Samples\SimpleViewer_\Debug\CL.7316.write.1.tlog
C:\Users\guileon\Documents\OpenNI2_backup\Samples\SimpleViewer_\Debug\CL.7336.read.1.tlog
C:\Users\guileon\Documents\OpenNI2_backup\Samples\SimpleViewer_\Debug\CL.7336.write.1.tlog
C:\Users\guileon\Documents\OpenNI2_backup\Samples\SimpleViewer_\Debug\CL.7388.read.1.tlog
C:\Users\guileon\Documents\OpenNI2_backup\Samples\SimpleViewer_\Debug\CL.7388.write.1.tlog
C:\Users\guileon\Documents\OpenNI2_backup\Samples\SimpleViewer_\Debug\CL.7536.read.1.tlog
C:\Users\guileon\Documents\OpenNI2_backup\Samples\SimpleViewer_\Debug\CL.7536.write.1.tlog
C:\Users\guileon\Documents\OpenNI2_backup\Samples\SimpleViewer_\Debug\CL.7584.read.1.tlog
C:\Users\guileon\Documents\OpenNI2_backup\Samples\SimpleViewer_\Debug\CL.7584.write.1.tlog
C:\Users\guileon\Documents\OpenNI2_backup\Samples\SimpleViewer_\Debug\CL.7676.read.1.tlog
C:\Users\guileon\Documents\OpenNI2_backup\Samples\SimpleViewer_\Debug\CL.7676.write.1.tlog
C:\Users\guileon\Documents\OpenNI2_backup\Samples\SimpleViewer_\Debug\CL.7744.read.1.tlog
C:\Users\guileon\Documents\OpenNI2_backup\Samples\SimpleViewer_\Debug\CL.7744.write.1.tlog
C:\Users\guileon\Documents\OpenNI2_backup\Samples\SimpleViewer_\Debug\CL.7892.read.1.tlog
C:\Users\guileon\Documents\OpenNI2_backup\Samples\SimpleViewer_\Debug\CL.7892.write.1.tlog
C:\Users\guileon\Documents\OpenNI2_backup\Samples\SimpleViewer_\Debug\CL.7936.read.1.tlog
C:\Users\guileon\Documents\OpenNI2_backup\Samples\SimpleViewer_\Debug\CL.7936.write.1.tlog
C:\Users\guileon\Documents\OpenNI2_backup\Samples\SimpleViewer_\Debug\CL.8140.read.1.tlog
C:\Users\guileon\Documents\OpenNI2_backup\Samples\SimpleViewer_\Debug\CL.8140.write.1.tlog
C:\Users\guileon\Documents\OpenNI2_backup\Samples\SimpleViewer_\Debug\CL.8264.read.1.tlog
C:\Users\guileon\Documents\OpenNI2_backup\Samples\SimpleViewer_\Debug\CL.8264.write.1.tlog
C:\Users\guileon\Documents\OpenNI2_backup\Samples\SimpleViewer_\Debug\CL.8384.read.1.tlog
C:\Users\guileon\Documents\OpenNI2_backup\Samples\SimpleViewer_\Debug\CL.8384.write.1.tlog
C:\Users\guileon\Documents\OpenNI2_backup\Samples\SimpleViewer_\Debug\CL.8388.read.1.tlog
C:\Users\guileon\Documents\OpenNI2_backup\Samples\SimpleViewer_\Debug\CL.8388.write.1.tlog
C:\Users\guileon\Documents\OpenNI2_backup\Samples\SimpleViewer_\Debug\CL.8400.read.1.tlog
C:\Users\guileon\Documents\OpenNI2_backup\Samples\SimpleViewer_\Debug\CL.8400.write.1.tlog
C:\Users\guileon\Documents\OpenNI2_backup\Samples\SimpleViewer_\Debug\CL.8688.read.1.tlog
C:\Users\guileon\Documents\OpenNI2_backup\Samples\SimpleViewer_\Debug\CL.8688.write.1.tlog
C:\Users\guileon\Documents\OpenNI2_backup\Samples\SimpleViewer_\Debug\CL.8716.read.1.tlog
C:\Users\guileon\Documents\OpenNI2_backup\Samples\SimpleViewer_\Debug\CL.8716.write.1.tlog
C:\Users\guileon\Documents\OpenNI2_backup\Samples\SimpleViewer_\Debug\CL.8724.read.1.tlog
C:\Users\guileon\Documents\OpenNI2_backup\Samples\SimpleViewer_\Debug\CL.8724.write.1.tlog
C:\Users\guileon\Documents\OpenNI2_backup\Samples\SimpleViewer_\Debug\CL.8740.read.1.tlog
C:\Users\guileon\Documents\OpenNI2_backup\Samples\SimpleViewer_\Debug\CL.8740.write.1.tlog
C:\Users\guileon\Documents\OpenNI2_backup\Samples\SimpleViewer_\Debug\CL.8792.read.1.tlog
C:\Users\guileon\Documents\OpenNI2_backup\Samples\SimpleViewer_\Debug\CL.8792.write.1.tlog
C:\Users\guileon\Documents\OpenNI2_backup\Samples\SimpleViewer_\Debug\CL.8872.read.1.tlog
C:\Users\guileon\Documents\OpenNI2_backup\Samples\SimpleViewer_\Debug\CL.8872.write.1.tlog
C:\Users\guileon\Documents\OpenNI2_backup\Samples\SimpleViewer_\Debug\CL.8968.read.1.tlog
C:\Users\guileon\Documents\OpenNI2_backup\Samples\SimpleViewer_\Debug\CL.8968.write.1.tlog
C:\Users\guileon\Documents\OpenNI2_backup\Samples\SimpleViewer_\Debug\CL.8980.read.1.tlog
C:\Users\guileon\Documents\OpenNI2_backup\Samples\SimpleViewer_\Debug\CL.8980.write.1.tlog
C:\Users\guileon\Documents\OpenNI2_backup\Samples\SimpleViewer_\Debug\CL.9088.read.1.tlog
C:\Users\guileon\Documents\OpenNI2_backup\Samples\SimpleViewer_\Debug\CL.9088.write.1.tlog
C:\Users\guileon\Documents\OpenNI2_backup\Samples\SimpleViewer_\Debug\CL.9304.read.1.tlog
C:\Users\guileon\Documents\OpenNI2_backup\Samples\SimpleViewer_\Debug\CL.9304.write.1.tlog
C:\Users\guileon\Documents\OpenNI2_backup\Samples\SimpleViewer_\Debug\CL.9332.read.1.tlog
C:\Users\guileon\Documents\OpenNI2_backup\Samples\SimpleViewer_\Debug\CL.9332.write.1.tlog
C:\Users\guileon\Documents\OpenNI2_backup\Samples\SimpleViewer_\Debug\CL.9436.read.1.tlog
C:\Users\guileon\Documents\OpenNI2_backup\Samples\SimpleViewer_\Debug\CL.9436.write.1.tlog
C:\Users\guileon\Documents\OpenNI2_backup\Samples\SimpleViewer_\Debug\CL.9464.read.1.tlog
C:\Users\guileon\Documents\OpenNI2_backup\Samples\SimpleViewer_\Debug\CL.9464.write.1.tlog
C:\Users\guileon\Documents\OpenNI2_backup\Samples\SimpleViewer_\Debug\CL.9732.read.1.tlog
C:\Users\guileon\Documents\OpenNI2_backup\Samples\SimpleViewer_\Debug\CL.9732.write.1.tlog
C:\Users\guileon\Documents\OpenNI2_backup\Samples\SimpleViewer_\Debug\CL.9760.read.1.tlog
C:\Users\guileon\Documents\OpenNI2_backup\Samples\SimpleViewer_\Debug\CL.9760.write.1.tlog
C:\Users\guileon\Documents\OpenNI2_backup\Samples\SimpleViewer_\Debug\CL.9788.read.1.tlog
C:\Users\guileon\Documents\OpenNI2_backup\Samples\SimpleViewer_\Debug\CL.9788.write.1.tlog
C:\Users\guileon\Documents\OpenNI2_backup\Samples\SimpleViewer_\Debug\CL.9896.read.1.tlog
C:\Users\guileon\Documents\OpenNI2_backup\Samples\SimpleViewer_\Debug\CL.9896.write.1.tlog
C:\Users\guileon\Documents\OpenNI2_backup\Samples\SimpleViewer_\Debug\CL.9904.read.1.tlog
C:\Users\guileon\Documents\OpenNI2_backup\Samples\SimpleViewer_\Debug\CL.9904.write.1.tlog
C:\Users\guileon\Documents\OpenNI2_backup\Samples\SimpleViewer_\Debug\CL.9932.read.1.tlog
C:\Users\guileon\Documents\OpenNI2_backup\Samples\SimpleViewer_\Debug\CL.9932.write.1.tlog
C:\Users\guileon\Documents\OpenNI2_backup\Samples\SimpleViewer_\Debug\cl.command.1.tlog
C:\Users\guileon\Documents\OpenNI2_backup\Samples\SimpleViewer_\Debug\CL.read.1.tlog
C:\Users\guileon\Documents\OpenNI2_backup\Samples\SimpleViewer_\Debug\CL.read.2.tlog
C:\Users\guileon\Documents\OpenNI2_backup\Samples\SimpleViewer_\Debug\cl.write.1.tlog
C:\Users\guileon\Documents\OpenNI2_backup\Samples\SimpleViewer_\Debug\link.command.1.tlog
C:\Users\guileon\Documents\OpenNI2_backup\Samples\SimpleViewer_\Debug\link.read.1.tlog
C:\Users\guileon\Documents\OpenNI2_backup\Samples\SimpleViewer_\Debug\link.write.1.tlog
C:\Users\guileon\Documents\OpenNI2_backup\Samples\SimpleViewer_\Debug\mt.command.1.tlog
C:\Users\guileon\Documents\OpenNI2_backup\Samples\SimpleViewer_\Debug\mt.read.1.tlog
C:\Users\guileon\Documents\OpenNI2_backup\Samples\SimpleViewer_\Debug\mt.write.1.tlog
C:\Users\guileon\Documents\OpenNI2_backup\Samples\SimpleViewer_\Debug\SimpleViewer.exe.intermediate.manifest
C:\Users\guileon\Documents\OpenNI2_backup\Samples\SimpleViewer_\Debug\vc100.idb
C:\Users\guileon\Documents\OpenNI2_backup\Samples\SimpleViewer_\Debug\OpenNI2.jni.pdb
C:\Users\guileon\Documents\OpenNI2_backup\Samples\SimpleViewer_\Debug\OpenNI2.pdb
C:\Users\guileon\Documents\OpenNI2_backup\Samples\SimpleViewer_\Debug\SimpleViewer.pdb
C:\Users\guileon\Documents\OpenNI2_backup\Samples\SimpleViewer_\Debug\vc100.pdb
C:\Users\guileon\Documents\OpenNI2_backup\Samples\SimpleViewer_\Debug\SimpleViewer.exe
