Build started 5/27/2015 3:00:58 PM.
     1>Project "C:\Users\guileon\Documents\FLOW_facic\FLOW\Samples\SimpleViewer_\SimpleViewer.vcxproj" on node 2 (Build target(s)).
     1>ClCompile:
         C:\Program Files (x86)\Microsoft Visual Studio 10.0\VC\bin\CL.exe /c /I"C:\Program Files (x86)\OpenNI2\Include\\" /I. /ZI /nologo /W4 /WX- /MP /Od /Oy- /D _WINDLL /D _MBCS /EHsc /RTC1 /MDd /GS /fp:precise /Zc:wchar_t /Zc:forScope /Fo"Debug\\" /Fd"Debug\vc100.pdb" /Gd /TP /analyze- /errorReport:prompt main.cpp
         main.cpp
     1>c:\users\guileon\documents\flow_facic\flow\samples\simpleviewer_\main.cpp(400): warning C4189: 'cameraCalibrateX' : local variable is initialized but not referenced
     1>c:\users\guileon\documents\flow_facic\flow\samples\simpleviewer_\main.cpp(401): warning C4189: 'cameraCalibrateY' : local variable is initialized but not referenced
     1>c:\users\guileon\documents\flow_facic\flow\samples\simpleviewer_\main.cpp(415): warning C4189: 'colour' : local variable is initialized but not referenced
       Link:
         C:\Program Files (x86)\Microsoft Visual Studio 10.0\VC\bin\link.exe /ERRORREPORT:PROMPT /OUT:"C:\Users\guileon\Documents\FLOW_facic\FLOW\Samples\SimpleViewer_\Debug\SimpleViewer.exe" /NOLOGO /LIBPATH:C:\Users\guileon\Documents\FLOW_facic\FLOW\Samples\SimpleViewer_\Debug\ /LIBPATH:"C:\Program Files (x86)\OpenNI2\Lib\\" /LIBPATH:..\..\ThirdParty\GL /LIBPATH:C:\Users\guileon\Documents\OpenNI2_backup\Samples\SimpleViewer_ /LIBPATH:"C:\glew-1.11.0\lib\Release\Win32" /WX glut32.lib OpenNI2.lib glew32.lib /MANIFEST /ManifestFile:"Debug\SimpleViewer.exe.intermediate.manifest" /MANIFESTUAC:"level='asInvoker' uiAccess='false'" /DEBUG /PDB:"C:\Users\guileon\Documents\FLOW_facic\FLOW\Samples\SimpleViewer_\Debug\SimpleViewer.pdb" /TLBID:1 /DYNAMICBASE /NXCOMPAT /IMPLIB:"C:\Users\guileon\Documents\FLOW_facic\FLOW\Samples\SimpleViewer_\Debug\SimpleViewer.lib" /MACHINE:X86 Debug\ColorScreen.obj
         Debug\mainT.obj
         Debug\main.obj
         Debug\Screen.obj
         Debug\Viewer.obj
         LINK : C:\Users\guileon\Documents\FLOW_facic\FLOW\Samples\SimpleViewer_\Debug\SimpleViewer.exe not found or not built by the last incremental link; performing full link
         SimpleViewer.vcxproj -> C:\Users\guileon\Documents\FLOW_facic\FLOW\Samples\SimpleViewer_\Debug\SimpleViewer.exe
       Manifest:
         C:\Program Files (x86)\Microsoft SDKs\Windows\v7.0A\bin\mt.exe /nologo /verbose /outputresource:"C:\Users\guileon\Documents\FLOW_facic\FLOW\Samples\SimpleViewer_\Debug\SimpleViewer.exe;#1" /manifest Debug\SimpleViewer.exe.intermediate.manifest
       PostBuildEvent:
         xcopy /D /S /F /Y "C:\Program Files (x86)\OpenNI2\Redist\\*" "C:\Users\guileon\Documents\FLOW_facic\FLOW\Samples\SimpleViewer_\Debug\"
         xcopy /D /F /Y "C:\Users\guileon\Documents\FLOW_facic\FLOW\Samples\SimpleViewer_\\glut32.dll" "C:\Users\guileon\Documents\FLOW_facic\FLOW\Samples\SimpleViewer_\Debug\"
         
         :VCEnd
         0 File(s) copied
         0 File(s) copied
     1>Done Building Project "C:\Users\guileon\Documents\FLOW_facic\FLOW\Samples\SimpleViewer_\SimpleViewer.vcxproj" (Build target(s)).

Build succeeded.

Time Elapsed 00:00:00.96
